mode: set
github.com/shandysiswandi/echo-service/internal/config/config.go:21.20,39.2 9 1
github.com/shandysiswandi/echo-service/internal/infrastructure/app/injector.go:13.47,25.2 8 1
github.com/shandysiswandi/echo-service/internal/infrastructure/app/injector.go:27.41,31.39 3 1
github.com/shandysiswandi/echo-service/internal/infrastructure/app/injector.go:38.2,42.4 1 1
github.com/shandysiswandi/echo-service/internal/infrastructure/app/injector.go:31.39,32.41 1 1
github.com/shandysiswandi/echo-service/internal/infrastructure/app/injector.go:36.3,36.17 1 1
github.com/shandysiswandi/echo-service/internal/infrastructure/app/injector.go:32.41,35.4 2 1
github.com/shandysiswandi/echo-service/internal/infrastructure/app/injector.go:45.41,48.18 3 1
github.com/shandysiswandi/echo-service/internal/infrastructure/app/injector.go:54.2,54.15 1 1
github.com/shandysiswandi/echo-service/internal/infrastructure/app/injector.go:48.18,52.3 3 1
github.com/shandysiswandi/echo-service/internal/infrastructure/app/middleware.go:13.63,26.2 9 1
github.com/shandysiswandi/echo-service/internal/infrastructure/app/middleware.go:28.42,32.38 1 1
github.com/shandysiswandi/echo-service/internal/infrastructure/app/middleware.go:38.2,38.41 1 1
github.com/shandysiswandi/echo-service/internal/infrastructure/app/middleware.go:32.38,36.4 3 1
github.com/shandysiswandi/echo-service/internal/infrastructure/app/middleware.go:41.35,55.2 2 1
github.com/shandysiswandi/echo-service/internal/infrastructure/app/middleware.go:57.33,74.2 1 1
github.com/shandysiswandi/echo-service/internal/infrastructure/app/router.go:8.38,16.2 5 1
github.com/shandysiswandi/echo-service/internal/util/is/inarray.go:3.52,4.34 1 1
github.com/shandysiswandi/echo-service/internal/util/is/inarray.go:7.2,7.25 1 1
github.com/shandysiswandi/echo-service/internal/util/is/inarray.go:14.2,14.14 1 1
github.com/shandysiswandi/echo-service/internal/util/is/inarray.go:4.34,6.3 1 1
github.com/shandysiswandi/echo-service/internal/util/is/inarray.go:7.25,8.23 1 1
github.com/shandysiswandi/echo-service/internal/util/is/inarray.go:8.23,9.15 1 1
github.com/shandysiswandi/echo-service/internal/util/is/inarray.go:9.15,11.5 1 1
github.com/shandysiswandi/echo-service/internal/infrastructure/mongodb/mongo.go:19.39,26.2 1 0
github.com/shandysiswandi/echo-service/internal/infrastructure/mongodb/mongo.go:28.37,33.16 4 0
github.com/shandysiswandi/echo-service/internal/infrastructure/mongodb/mongo.go:37.2,37.61 1 0
github.com/shandysiswandi/echo-service/internal/infrastructure/mongodb/mongo.go:41.2,44.12 3 0
github.com/shandysiswandi/echo-service/internal/infrastructure/mongodb/mongo.go:33.16,35.3 1 0
github.com/shandysiswandi/echo-service/internal/infrastructure/mongodb/mongo.go:37.61,39.3 1 0
github.com/shandysiswandi/echo-service/internal/infrastructure/mongodb/mongo.go:47.29,48.23 1 0
github.com/shandysiswandi/echo-service/internal/infrastructure/mongodb/mongo.go:52.2,52.68 1 0
github.com/shandysiswandi/echo-service/internal/infrastructure/mongodb/mongo.go:48.23,50.3 1 0
github.com/shandysiswandi/echo-service/internal/infrastructure/mongodb/mongo.go:52.68,54.3 1 0
github.com/shandysiswandi/echo-service/internal/infrastructure/mongodb/mongo.go:57.45,58.40 1 0
github.com/shandysiswandi/echo-service/internal/infrastructure/mongodb/mongo.go:62.2,62.15 1 0
github.com/shandysiswandi/echo-service/internal/infrastructure/mongodb/mongo.go:58.40,60.3 1 0
github.com/shandysiswandi/echo-service/internal/util/response/json.go:7.56,9.2 1 1
github.com/shandysiswandi/echo-service/internal/util/response/json.go:11.56,13.59 2 1
github.com/shandysiswandi/echo-service/internal/util/response/json.go:16.2,16.18 1 1
github.com/shandysiswandi/echo-service/internal/util/response/json.go:13.59,15.3 1 1
github.com/shandysiswandi/echo-service/pkg/nanoid/nanoid.go:5.33,7.2 1 1
github.com/shandysiswandi/echo-service/pkg/uuid/uuid.go:11.17,13.2 1 1
github.com/shandysiswandi/echo-service/pkg/uuid/uuid.go:15.31,17.2 1 1
github.com/shandysiswandi/echo-service/internal/infrastructure/app/handler/home.go:18.36,20.2 1 1
github.com/shandysiswandi/echo-service/internal/infrastructure/app/handler/home.go:22.53,24.2 1 1
github.com/shandysiswandi/echo-service/internal/infrastructure/app/handler/home.go:26.57,29.2 2 1
github.com/shandysiswandi/echo-service/internal/infrastructure/app/handler/home.go:31.55,33.2 1 1
github.com/shandysiswandi/echo-service/pkg/bcrypt/bcrypt.go:5.52,8.2 2 1
github.com/shandysiswandi/echo-service/pkg/bcrypt/bcrypt.go:10.52,12.2 1 1
